This is pdfTeX, Version 3.141592653-2.6-1.40.26 (TeX Live 2024) (preloaded format=pdflatex 2024.12.5)  20 DEC 2024 15:10
entering extended mode
 restricted \write18 enabled.
 %&-line parsing enabled.
**artigo.tex
(./artigo.tex
LaTeX2e <2023-11-01> patch level 1
L3 programming layer <2024-02-20>
(./easychair.cls
EasyChair Style, by Serguei A. Mokhov <mokhov@encs.concordia.ca> <01 June 2008>

$Id: easychair.cls,v 1.18 2008/06/24 06:03:31 mokhov Exp $
Designed for EasyChair.org, under guidelines and suggestions of
             Andrei Voronkov <www.voronkov.com>, and
             Geoff Sutcliffe <www.cs.miami.edu/^geoff>
Copyright terms are that of EasyChair.org
For bug reports, please contact <mokhov@encs.concordia.ca>
Document Class: easychair 2008/06/24 v1.0
(c:/texlive/2024/texmf-dist/tex/latex/base/article.cls
Document Class: article 2023/05/17 v1.4n Standard LaTeX document class
(c:/texlive/2024/texmf-dist/tex/latex/base/size11.clo
File: size11.clo 2023/05/17 v1.4n Standard LaTeX file (size option)
)
\c@part=\count188
\c@section=\count189
\c@subsection=\count190
\c@subsubsection=\count191
\c@paragraph=\count192
\c@subparagraph=\count193
\c@figure=\count194
\c@table=\count195
\abovecaptionskip=\skip48
\belowcaptionskip=\skip49
\bibindent=\dimen140
)
(c:/texlive/2024/texmf-dist/tex/latex/base/inputenc.sty
Package: inputenc 2021/02/14 v1.3d Input encoding file
\inpenc@prehook=\toks17
\inpenc@posthook=\toks18
)
(c:/texlive/2024/texmf-dist/tex/latex/url/url.sty
\Urlmuskip=\muskip16
Package: url 2013/09/16  ver 3.4  Verb mode for urls, etc.
)
(c:/texlive/2024/texmf-dist/tex/latex/hyperref/hyperref.sty
Package: hyperref 2024-01-20 v7.01h Hypertext links for LaTeX

(c:/texlive/2024/texmf-dist/tex/generic/iftex/iftex.sty
Package: iftex 2022/02/03 v1.0f TeX engine tests
)
(c:/texlive/2024/texmf-dist/tex/latex/graphics/keyval.sty
Package: keyval 2022/05/29 v1.15 key=value parser (DPC)
\KV@toks@=\toks19
)
(c:/texlive/2024/texmf-dist/tex/latex/kvsetkeys/kvsetkeys.sty
Package: kvsetkeys 2022-10-05 v1.19 Key value parser (HO)
)
(c:/texlive/2024/texmf-dist/tex/generic/kvdefinekeys/kvdefinekeys.sty
Package: kvdefinekeys 2019-12-19 v1.6 Define keys (HO)
)
(c:/texlive/2024/texmf-dist/tex/generic/pdfescape/pdfescape.sty
Package: pdfescape 2019/12/09 v1.15 Implements pdfTeX's escape features (HO)

(c:/texlive/2024/texmf-dist/tex/generic/ltxcmds/ltxcmds.sty
Package: ltxcmds 2023-12-04 v1.26 LaTeX kernel commands for general use (HO)
)
(c:/texlive/2024/texmf-dist/tex/generic/pdftexcmds/pdftexcmds.sty
Package: pdftexcmds 2020-06-27 v0.33 Utility functions of pdfTeX for LuaTeX (HO
)

(c:/texlive/2024/texmf-dist/tex/generic/infwarerr/infwarerr.sty
Package: infwarerr 2019/12/03 v1.5 Providing info/warning/error messages (HO)
)
Package pdftexcmds Info: \pdf@primitive is available.
Package pdftexcmds Info: \pdf@ifprimitive is available.
Package pdftexcmds Info: \pdfdraftmode found.
))
(c:/texlive/2024/texmf-dist/tex/latex/hycolor/hycolor.sty
Package: hycolor 2020-01-27 v1.10 Color options for hyperref/bookmark (HO)
)
(c:/texlive/2024/texmf-dist/tex/latex/auxhook/auxhook.sty
Package: auxhook 2019-12-17 v1.6 Hooks for auxiliary files (HO)
)
(c:/texlive/2024/texmf-dist/tex/latex/hyperref/nameref.sty
Package: nameref 2023-11-26 v2.56 Cross-referencing by name of section

(c:/texlive/2024/texmf-dist/tex/latex/refcount/refcount.sty
Package: refcount 2019/12/15 v3.6 Data extraction from label references (HO)
)
(c:/texlive/2024/texmf-dist/tex/generic/gettitlestring/gettitlestring.sty
Package: gettitlestring 2019/12/15 v1.6 Cleanup title references (HO)

(c:/texlive/2024/texmf-dist/tex/latex/kvoptions/kvoptions.sty
Package: kvoptions 2022-06-15 v3.15 Key value format for package options (HO)
))
\c@section@level=\count196
)
(c:/texlive/2024/texmf-dist/tex/latex/etoolbox/etoolbox.sty
Package: etoolbox 2020/10/05 v2.5k e-TeX tools for LaTeX (JAW)
\etb@tempcnta=\count197
)
\@linkdim=\dimen141
\Hy@linkcounter=\count198
\Hy@pagecounter=\count199

(c:/texlive/2024/texmf-dist/tex/latex/hyperref/pd1enc.def
File: pd1enc.def 2024-01-20 v7.01h Hyperref: PDFDocEncoding definition (HO)
Now handling font encoding PD1 ...
... no UTF-8 mapping file for font encoding PD1
)
(c:/texlive/2024/texmf-dist/tex/generic/intcalc/intcalc.sty
Package: intcalc 2019/12/15 v1.3 Expandable calculations with integers (HO)
)
\Hy@SavedSpaceFactor=\count266

(c:/texlive/2024/texmf-dist/tex/latex/hyperref/puenc.def
File: puenc.def 2024-01-20 v7.01h Hyperref: PDF Unicode definition (HO)
Now handling font encoding PU ...
... no UTF-8 mapping file for font encoding PU
)

Package hyperref Warning: Option `letterpaper' is no longer used.

Package hyperref Info: Hyper figures OFF on input line 4179.
Package hyperref Info: Link nesting OFF on input line 4184.
Package hyperref Info: Hyper index ON on input line 4187.
Package hyperref Info: Plain pages OFF on input line 4194.
Package hyperref Info: Backreferencing OFF on input line 4199.
Package hyperref Info: Implicit mode ON; LaTeX internals redefined.
Package hyperref Info: Bookmarks ON on input line 4446.
\c@Hy@tempcnt=\count267
LaTeX Info: Redefining \url on input line 4784.
\XeTeXLinkMargin=\dimen142
(c:/texlive/2024/texmf-dist/tex/generic/bitset/bitset.sty
Package: bitset 2019/12/09 v1.3 Handle bit-vector datatype (HO)

(c:/texlive/2024/texmf-dist/tex/generic/bigintcalc/bigintcalc.sty
Package: bigintcalc 2019/12/15 v1.5 Expandable calculations on big integers (HO
)
))
\Fld@menulength=\count268
\Field@Width=\dimen143
\Fld@charsize=\dimen144
Package hyperref Info: Hyper figures OFF on input line 6063.
Package hyperref Info: Link nesting OFF on input line 6068.
Package hyperref Info: Hyper index ON on input line 6071.
Package hyperref Info: backreferencing OFF on input line 6078.
Package hyperref Info: Link coloring OFF on input line 6083.
Package hyperref Info: Link coloring with OCG OFF on input line 6088.
Package hyperref Info: PDF/A mode OFF on input line 6093.

(c:/texlive/2024/texmf-dist/tex/latex/base/atbegshi-ltx.sty
Package: atbegshi-ltx 2021/01/10 v1.0c Emulation of the original atbegshi
package with kernel methods
)
\Hy@abspage=\count269
\c@Item=\count270
\c@Hfootnote=\count271
)
Package hyperref Info: Driver (autodetected): hpdftex.

(c:/texlive/2024/texmf-dist/tex/latex/hyperref/hpdftex.def
File: hpdftex.def 2024-01-20 v7.01h Hyperref driver for pdfTeX

(c:/texlive/2024/texmf-dist/tex/latex/base/atveryend-ltx.sty
Package: atveryend-ltx 2020/08/19 v1.0a Emulation of the original atveryend pac
kage
with kernel methods
)
\Fld@listcount=\count272
\c@bookmark@seq@number=\count273

(c:/texlive/2024/texmf-dist/tex/latex/rerunfilecheck/rerunfilecheck.sty
Package: rerunfilecheck 2022-07-10 v1.10 Rerun checks for auxiliary files (HO)

(c:/texlive/2024/texmf-dist/tex/generic/uniquecounter/uniquecounter.sty
Package: uniquecounter 2019/12/15 v1.4 Provide unlimited unique counter (HO)
)
Package uniquecounter Info: New unique counter `rerunfilecheck' on input line 2
85.
)
\Hy@SectionHShift=\skip50
)
(c:/texlive/2024/texmf-dist/tex/latex/graphics/graphicx.sty
Package: graphicx 2021/09/16 v1.2d Enhanced LaTeX Graphics (DPC,SPQR)

(c:/texlive/2024/texmf-dist/tex/latex/graphics/graphics.sty
Package: graphics 2022/03/10 v1.4e Standard LaTeX Graphics (DPC,SPQR)

(c:/texlive/2024/texmf-dist/tex/latex/graphics/trig.sty
Package: trig 2021/08/11 v1.11 sin cos tan (DPC)
)
(c:/texlive/2024/texmf-dist/tex/latex/graphics-cfg/graphics.cfg
File: graphics.cfg 2016/06/04 v1.11 sample graphics configuration
)
Package graphics Info: Driver file: pdftex.def on input line 107.

(c:/texlive/2024/texmf-dist/tex/latex/graphics-def/pdftex.def
File: pdftex.def 2022/09/22 v1.2b Graphics/color driver for pdftex
))
\Gin@req@height=\dimen145
\Gin@req@width=\dimen146
)
(c:/texlive/2024/texmf-dist/tex/latex/psnfss/mathptmx.sty
Package: mathptmx 2020/03/25 PSNFSS-v9.3 Times w/ Math, improved (SPQR, WaS) 
LaTeX Font Info:    Redeclaring symbol font `operators' on input line 28.
LaTeX Font Info:    Overwriting symbol font `operators' in version `normal'
(Font)                  OT1/cmr/m/n --> OT1/ztmcm/m/n on input line 28.
LaTeX Font Info:    Overwriting symbol font `operators' in version `bold'
(Font)                  OT1/cmr/bx/n --> OT1/ztmcm/m/n on input line 28.
LaTeX Font Info:    Redeclaring symbol font `letters' on input line 29.
LaTeX Font Info:    Overwriting symbol font `letters' in version `normal'
(Font)                  OML/cmm/m/it --> OML/ztmcm/m/it on input line 29.
LaTeX Font Info:    Overwriting symbol font `letters' in version `bold'
(Font)                  OML/cmm/b/it --> OML/ztmcm/m/it on input line 29.
LaTeX Font Info:    Redeclaring symbol font `symbols' on input line 30.
LaTeX Font Info:    Overwriting symbol font `symbols' in version `normal'
(Font)                  OMS/cmsy/m/n --> OMS/ztmcm/m/n on input line 30.
LaTeX Font Info:    Overwriting symbol font `symbols' in version `bold'
(Font)                  OMS/cmsy/b/n --> OMS/ztmcm/m/n on input line 30.
LaTeX Font Info:    Redeclaring symbol font `largesymbols' on input line 31.
LaTeX Font Info:    Overwriting symbol font `largesymbols' in version `normal'
(Font)                  OMX/cmex/m/n --> OMX/ztmcm/m/n on input line 31.
LaTeX Font Info:    Overwriting symbol font `largesymbols' in version `bold'
(Font)                  OMX/cmex/m/n --> OMX/ztmcm/m/n on input line 31.
\symbold=\mathgroup4
\symitalic=\mathgroup5
LaTeX Font Info:    Redeclaring math alphabet \mathbf on input line 34.
LaTeX Font Info:    Overwriting math alphabet `\mathbf' in version `normal'
(Font)                  OT1/cmr/bx/n --> OT1/ptm/bx/n on input line 34.
LaTeX Font Info:    Overwriting math alphabet `\mathbf' in version `bold'
(Font)                  OT1/cmr/bx/n --> OT1/ptm/bx/n on input line 34.
LaTeX Font Info:    Redeclaring math alphabet \mathit on input line 35.
LaTeX Font Info:    Overwriting math alphabet `\mathit' in version `normal'
(Font)                  OT1/cmr/m/it --> OT1/ptm/m/it on input line 35.
LaTeX Font Info:    Overwriting math alphabet `\mathit' in version `bold'
(Font)                  OT1/cmr/bx/it --> OT1/ptm/m/it on input line 35.
LaTeX Info: Redefining \hbar on input line 50.
)
(c:/texlive/2024/texmf-dist/tex/latex/psnfss/helvet.sty
Package: helvet 2020/03/25 PSNFSS-v9.3 (WaS) 
)
(c:/texlive/2024/texmf-dist/tex/latex/listings/listings.sty
\lst@mode=\count274
\lst@gtempboxa=\box51
\lst@token=\toks20
\lst@length=\count275
\lst@currlwidth=\dimen147
\lst@column=\count276
\lst@pos=\count277
\lst@lostspace=\dimen148
\lst@width=\dimen149
\lst@newlines=\count278
\lst@lineno=\count279
\lst@maxwidth=\dimen150

(c:/texlive/2024/texmf-dist/tex/latex/listings/lstpatch.sty
File: lstpatch.sty 2024/02/21 1.10 (Carsten Heinz)
)
(c:/texlive/2024/texmf-dist/tex/latex/listings/lstmisc.sty
File: lstmisc.sty 2024/02/21 1.10 (Carsten Heinz)
\c@lstnumber=\count280
\lst@skipnumbers=\count281
\lst@framebox=\box52
)
(c:/texlive/2024/texmf-dist/tex/latex/listings/listings.cfg
File: listings.cfg 2024/02/21 1.10 listings configuration
))
Package: listings 2024/02/21 1.10 (Carsten Heinz)

(c:/texlive/2024/texmf-dist/tex/latex/base/latexsym.sty
Package: latexsym 1998/08/17 v2.2e Standard LaTeX package (lasy symbols)
\symlasy=\mathgroup6
LaTeX Font Info:    Overwriting symbol font `lasy' in version `bold'
(Font)                  U/lasy/m/n --> U/lasy/b/n on input line 52.
)
(c:/texlive/2024/texmf-dist/tex/latex/amscls/amsthm.sty
Package: amsthm 2020/05/29 v2.20.6
\thm@style=\toks21
\thm@bodyfont=\toks22
\thm@headfont=\toks23
\thm@notefont=\toks24
\thm@headpunct=\toks25
\thm@preskip=\skip51
\thm@postskip=\skip52
\thm@headsep=\skip53
\dth@everypar=\toks26
)
(c:/texlive/2024/texmf-dist/tex/latex/mathtools/empheq.sty
Package: empheq 2017/03/31 v2.15 Emphasizing equations

(c:/texlive/2024/texmf-dist/tex/latex/mathtools/mhsetup.sty
Package: mhsetup 2021/03/18 v1.4 programming setup (MH)
)
(c:/texlive/2024/texmf-dist/tex/latex/mathtools/mathtools.sty
Package: mathtools 2024/03/11 v1.30 mathematical typesetting tools

(c:/texlive/2024/texmf-dist/tex/latex/tools/calc.sty
Package: calc 2023/07/08 v4.3 Infix arithmetic (KKT,FJ)
\calc@Acount=\count282
\calc@Bcount=\count283
\calc@Adimen=\dimen151
\calc@Bdimen=\dimen152
\calc@Askip=\skip54
\calc@Bskip=\skip55
LaTeX Info: Redefining \setlength on input line 80.
LaTeX Info: Redefining \addtolength on input line 81.
\calc@Ccount=\count284
\calc@Cskip=\skip56
)
(c:/texlive/2024/texmf-dist/tex/latex/amsmath/amsmath.sty
Package: amsmath 2023/05/13 v2.17o AMS math features
\@mathmargin=\skip57

For additional information on amsmath, use the `?' option.
(c:/texlive/2024/texmf-dist/tex/latex/amsmath/amstext.sty
Package: amstext 2021/08/26 v2.01 AMS text

(c:/texlive/2024/texmf-dist/tex/latex/amsmath/amsgen.sty
File: amsgen.sty 1999/11/30 v2.0 generic functions
\@emptytoks=\toks27
\ex@=\dimen153
))
(c:/texlive/2024/texmf-dist/tex/latex/amsmath/amsbsy.sty
Package: amsbsy 1999/11/29 v1.2d Bold Symbols
\pmbraise@=\dimen154
)
(c:/texlive/2024/texmf-dist/tex/latex/amsmath/amsopn.sty
Package: amsopn 2022/04/08 v2.04 operator names
)
\inf@bad=\count285
LaTeX Info: Redefining \frac on input line 234.
\uproot@=\count286
\leftroot@=\count287
LaTeX Info: Redefining \overline on input line 399.
LaTeX Info: Redefining \colon on input line 410.
\classnum@=\count288
\DOTSCASE@=\count289
LaTeX Info: Redefining \ldots on input line 496.
LaTeX Info: Redefining \dots on input line 499.
LaTeX Info: Redefining \cdots on input line 620.
\Mathstrutbox@=\box53
\strutbox@=\box54
LaTeX Info: Redefining \big on input line 722.
LaTeX Info: Redefining \Big on input line 723.
LaTeX Info: Redefining \bigg on input line 724.
LaTeX Info: Redefining \Bigg on input line 725.
\big@size=\dimen155
LaTeX Font Info:    Redeclaring font encoding OML on input line 743.
LaTeX Font Info:    Redeclaring font encoding OMS on input line 744.
\macc@depth=\count290
LaTeX Info: Redefining \bmod on input line 905.
LaTeX Info: Redefining \pmod on input line 910.
LaTeX Info: Redefining \smash on input line 940.
LaTeX Info: Redefining \relbar on input line 970.
LaTeX Info: Redefining \Relbar on input line 971.
\c@MaxMatrixCols=\count291
\dotsspace@=\muskip17
\c@parentequation=\count292
\dspbrk@lvl=\count293
\tag@help=\toks28
\row@=\count294
\column@=\count295
\maxfields@=\count296
\andhelp@=\toks29
\eqnshift@=\dimen156
\alignsep@=\dimen157
\tagshift@=\dimen158
\tagwidth@=\dimen159
\totwidth@=\dimen160
\lineht@=\dimen161
\@envbody=\toks30
\multlinegap=\skip58
\multlinetaggap=\skip59
\mathdisplay@stack=\toks31
LaTeX Info: Redefining \[ on input line 2953.
LaTeX Info: Redefining \] on input line 2954.
)
\g_MT_multlinerow_int=\count297
\l_MT_multwidth_dim=\dimen162
\origjot=\skip60
\l_MT_shortvdotswithinadjustabove_dim=\dimen163
\l_MT_shortvdotswithinadjustbelow_dim=\dimen164
\l_MT_above_intertext_sep=\dimen165
\l_MT_below_intertext_sep=\dimen166
\l_MT_above_shortintertext_sep=\dimen167
\l_MT_below_shortintertext_sep=\dimen168
\xmathstrut@box=\box55
\xmathstrut@dim=\dimen169
)
\l_EQ_equationtype_int=\count298
\l_EQ_alignmentmode_int=\count299
\l_EQ_totalwidth_dim=\dimen170
\l_EQ_displaywidth_dim=\dimen171
\l_EQ_temp_linewidth_dim=\dimen172
\l_EQ_linewidth_dim=\dimen173
\EmphEqdelimitershortfall=\dimen174
\EmphEqdelimiterfactor=\count300
\g_EQ_toptag_height_dim=\dimen175
\g_EQ_bottomtag_depth_dim=\dimen176
\g_EQ_toprow_height_dim=\dimen177
\g_EQ_bottomrow_depth_dim=\dimen178
\g_EQ_widesttag_dim=\dimen179
\EQ_mathdisplay_box=\box56
\EQ_tag_box=\box57
\g_EQ_temprow_int=\count301
)
\@MarginSize=\skip61

easychair: Selecting letter paper margin sizes.
(c:/texlive/2024/texmf-dist/tex/latex/geometry/geometry.sty
Package: geometry 2020/01/02 v5.9 Page Geometry

(c:/texlive/2024/texmf-dist/tex/generic/iftex/ifvtex.sty
Package: ifvtex 2019/10/25 v1.7 ifvtex legacy package. Use iftex instead.
)
\Gm@cnth=\count302
\Gm@cntv=\count303
\c@Gm@tempcnt=\count304
\Gm@bindingoffset=\dimen180
\Gm@wd@mp=\dimen181
\Gm@odd@mp=\dimen182
\Gm@even@mp=\dimen183
\Gm@layoutwidth=\dimen184
\Gm@layoutheight=\dimen185
\Gm@layouthoffset=\dimen186
\Gm@layoutvoffset=\dimen187
\Gm@dimlist=\toks32
)
(c:/texlive/2024/texmf-dist/tex/latex/lastpage/lastpage.sty
Package: lastpage 2023/10/14 v2.0e lastpage: 2.09 or 2e? (HMM)

(c:/texlive/2024/texmf-dist/tex/latex/lastpage/lastpage2e.sty
Package: lastpage2e 2023/10/14 v2.0e Decide which 2e lastpage version to use (H
MM)

(c:/texlive/2024/texmf-dist/tex/latex/lastpage/lastpagemodern.sty
Package: lastpagemodern 2023-10-14 v2.0e Refers to last page's name (HMM; JPG)
\c@lastpagecount=\count305
) 
)) (c:/texlive/2024/texmf-dist/tex/latex/footmisc/footmisc.sty
Package: footmisc 2023/07/05 v6.0f a miscellany of footnote facilities
\FN@temptoken=\toks33
\footnotemargin=\dimen188
\@outputbox@depth=\dimen189
Package footmisc Info: Declaring symbol style bringhurst on input line 696.
Package footmisc Info: Declaring symbol style chicago on input line 704.
Package footmisc Info: Declaring symbol style wiley on input line 713.
Package footmisc Info: Declaring symbol style lamport-robust on input line 724.

Package footmisc Info: Declaring symbol style lamport* on input line 744.
Package footmisc Info: Declaring symbol style lamport*-robust on input line 765
.
)
(c:/texlive/2024/texmf-dist/tex/latex/fancyhdr/fancyhdr.sty
Package: fancyhdr 2022/11/09 v4.1 Extensive control of page headers and footers

\f@nch@headwidth=\skip62
\f@nch@O@elh=\skip63
\f@nch@O@erh=\skip64
\f@nch@O@olh=\skip65
\f@nch@O@orh=\skip66
\f@nch@O@elf=\skip67
\f@nch@O@erf=\skip68
\f@nch@O@olf=\skip69
\f@nch@O@orf=\skip70
))
(c:/texlive/2024/texmf-dist/tex/generic/babel/babel.sty
Package: babel 2024/02/07 v24.2 The Babel package
\babel@savecnt=\count306
\U@D=\dimen190
\l@unhyphenated=\language89

(c:/texlive/2024/texmf-dist/tex/generic/babel/txtbabel.def)
\bbl@readstream=\read2
\bbl@dirlevel=\count307

(c:/texlive/2024/texmf-dist/tex/generic/babel-portuges/portuguese.ldf
Language: portuges 2021/07/09 v1.2t Portuguese support from the babel system
Package babel Info: Making " an active character on input line 143.
))
(c:/texlive/2024/texmf-dist/tex/generic/babel/locale/pt/babel-portuguese.tex
Package babel Info: Importing font and identification data for portuguese
(babel)             from babel-pt.ini. Reported on input line 11.
)
(c:/texlive/2024/texmf-dist/tex/latex/graphics/epsfig.sty
Package: epsfig 2017/06/25 v1.7b (e)psfig emulation (SPQR)
\epsfxsize=\dimen191
\epsfysize=\dimen192
)
(c:/texlive/2024/texmf-dist/tex/latex/subfig/subfig.sty
Package: subfig 2005/06/28 ver: 1.3 subfig package

(c:/texlive/2024/texmf-dist/tex/latex/caption/caption.sty
Package: caption 2023/08/05 v3.6o Customizing captions (AR)

(c:/texlive/2024/texmf-dist/tex/latex/caption/caption3.sty
Package: caption3 2023/07/31 v2.4d caption3 kernel (AR)
\caption@tempdima=\dimen193
\captionmargin=\dimen194
\caption@leftmargin=\dimen195
\caption@rightmargin=\dimen196
\caption@width=\dimen197
\caption@indent=\dimen198
\caption@parindent=\dimen199
\caption@hangindent=\dimen256
Package caption Info: Standard document class detected.
)
\c@caption@flags=\count308
\c@continuedfloat=\count309
Package caption Info: hyperref package is loaded.
Package caption Info: listings package is loaded.
)
\c@KVtest=\count310
\sf@farskip=\skip71
\sf@captopadj=\dimen257
\sf@capskip=\skip72
\sf@nearskip=\skip73
\c@subfigure=\count311
\c@subfigure@save=\count312
\c@lofdepth=\count313
\c@subtable=\count314
\c@subtable@save=\count315
\c@lotdepth=\count316
\sf@top=\skip74
\sf@bottom=\skip75
)
(c:/texlive/2024/texmf-dist/tex/latex/base/syntonly.sty
Package: syntonly 2017/06/30 v2.1e Standard LaTeX2e package
)
(c:/texlive/2024/texmf-dist/tex/latex/amsfonts/amssymb.sty
Package: amssymb 2013/01/14 v3.01 AMS font symbols

(c:/texlive/2024/texmf-dist/tex/latex/amsfonts/amsfonts.sty
Package: amsfonts 2013/01/14 v3.01 Basic AMSFonts support
\symAMSa=\mathgroup7
\symAMSb=\mathgroup8
LaTeX Font Info:    Overwriting math alphabet `\mathfrak' in version `bold'
(Font)                  U/euf/m/n --> U/euf/b/n on input line 106.
))
(c:/texlive/2024/texmf-dist/tex/latex/cite/cite.sty
LaTeX Info: Redefining \cite on input line 302.
LaTeX Info: Redefining \nocite on input line 332.
Package: cite 2015/02/27  v 5.5
)
(c:/texlive/2024/texmf-dist/tex/latex/nomencl/nomencl.sty
Package: nomencl 2021/11/10 v5.6 Nomenclature package

(c:/texlive/2024/texmf-dist/tex/latex/xkeyval/xkeyval.sty
Package: xkeyval 2022/06/16 v2.9 package option processing (HA)

(c:/texlive/2024/texmf-dist/tex/generic/xkeyval/xkeyval.tex
(c:/texlive/2024/texmf-dist/tex/generic/xkeyval/xkvutils.tex
\XKV@toks=\toks34
\XKV@tempa@toks=\toks35
)
\XKV@depth=\count317
File: xkeyval.tex 2014/12/03 v2.7a key=value parser (HA)
))
(c:/texlive/2024/texmf-dist/tex/latex/base/ifthen.sty
Package: ifthen 2022/04/13 v1.1d Standard LaTeX ifthen package (DPC)
)
(c:/texlive/2024/texmf-dist/tex/latex/koma-script/tocbasic.sty
Package: tocbasic 2023/07/07 v3.41 KOMA-Script package (handling toc-files)

(c:/texlive/2024/texmf-dist/tex/latex/koma-script/scrbase.sty
Package: scrbase 2023/07/07 v3.41 KOMA-Script package (KOMA-Script-independent 
basics and keyval usage)

(c:/texlive/2024/texmf-dist/tex/latex/koma-script/scrlfile.sty
Package: scrlfile 2023/07/07 v3.41 KOMA-Script package (file load hooks)

(c:/texlive/2024/texmf-dist/tex/latex/koma-script/scrlfile-hook.sty
Package: scrlfile-hook 2023/07/07 v3.41 KOMA-Script package (using LaTeX hooks)


(c:/texlive/2024/texmf-dist/tex/latex/koma-script/scrlogo.sty
Package: scrlogo 2023/07/07 v3.41 KOMA-Script package (logo)
)))
Applying: [2021/05/01] Usage of raw or classic option list on input line 252.
Already applied: [0000/00/00] Usage of raw or classic option list on input line
 368.
)
\scr@dte@tocline@numberwidth=\skip76
\scr@dte@tocline@numbox=\box58
)
Package tocbasic Info: setting babel extension for `nlo' on input line 187.
Package tocbasic Info: setting babel extension for `nls' on input line 188.
\nomlabelwidth=\dimen258
\nom@tempdim=\dimen259
\nomitemsep=\skip77
)
(c:/texlive/2024/texmf-dist/tex/latex/underscore/underscore.sty
Package: underscore 2006/09/13
LaTeX Info: Redefining \_ on input line 42.
)
(c:/texlive/2024/texmf-dist/tex/latex/firstaid/underscore-ltx.sty
Package: underscore-ltx 2023/09/20 LaTeX firstaid to make underscore protected 

)
(c:/texlive/2024/texmf-dist/tex/latex/float/float.sty
Package: float 2001/11/08 v1.3d Float enhancements (AL)
\c@float@type=\count318
\float@exts=\toks36
\float@box=\box59
\@float@everytoks=\toks37
\@floatcapt=\box60
)
(c:/texlive/2024/texmf-dist/tex/latex/tools/array.sty
Package: array 2023/10/16 v2.5g Tabular extension package (FMi)
\col@sep=\dimen260
\ar@mcellbox=\box61
\extrarowheight=\dimen261
\NC@list=\toks38
\extratabsurround=\skip78
\backup@length=\skip79
\ar@cellbox=\box62
)
(c:/texlive/2024/texmf-dist/tex/latex/caption/subcaption.sty
Package: subcaption 2023/07/28 v1.6b Sub-captions (AR)
LaTeX Info: Redefining \subref on input line 189.
Package subcaption Info: The counter `subfigure' was already defined by
(subcaption)             \newsubfloat (offered by the subfig package) on input 
line 238.
Package subcaption Info: The counter `subtable' was already defined by
(subcaption)             \newsubfloat (offered by the subfig package) on input 
line 238.
)
LaTeX Font Info:    Trying to load font information for OT1+ptm on input line 2
9.

(c:/texlive/2024/texmf-dist/tex/latex/psnfss/ot1ptm.fd
File: ot1ptm.fd 2001/06/04 font definitions for OT1/ptm.
)
(c:/texlive/2024/texmf-dist/tex/latex/l3backend/l3backend-pdftex.def
File: l3backend-pdftex.def 2024-02-20 L3 backend support: PDF output (pdfTeX)
\l__color_backend_stack_int=\count319
\l__pdf_internal_box=\box63
)
(./artigo.aux)
\openout1 = `artigo.aux'.

LaTeX Font Info:    Checking defaults for OML/cmm/m/it on input line 29.
LaTeX Font Info:    ... okay on input line 29.
LaTeX Font Info:    Checking defaults for OMS/cmsy/m/n on input line 29.
LaTeX Font Info:    ... okay on input line 29.
LaTeX Font Info:    Checking defaults for OT1/cmr/m/n on input line 29.
LaTeX Font Info:    ... okay on input line 29.
LaTeX Font Info:    Checking defaults for T1/cmr/m/n on input line 29.
LaTeX Font Info:    ... okay on input line 29.
LaTeX Font Info:    Checking defaults for TS1/cmr/m/n on input line 29.
LaTeX Font Info:    ... okay on input line 29.
LaTeX Font Info:    Checking defaults for OMX/cmex/m/n on input line 29.
LaTeX Font Info:    ... okay on input line 29.
LaTeX Font Info:    Checking defaults for U/cmr/m/n on input line 29.
LaTeX Font Info:    ... okay on input line 29.
LaTeX Font Info:    Checking defaults for PD1/pdf/m/n on input line 29.
LaTeX Font Info:    ... okay on input line 29.
LaTeX Font Info:    Checking defaults for PU/pdf/m/n on input line 29.
LaTeX Font Info:    ... okay on input line 29.
Package hyperref Info: Link coloring OFF on input line 29.
 (./artigo.out) (./artigo.out)
\@outlinefile=\write3
\openout3 = `artigo.out'.


(c:/texlive/2024/texmf-dist/tex/context/base/mkii/supp-pdf.mkii
[Loading MPS to PDF converter (version 2006.09.02).]
\scratchcounter=\count320
\scratchdimen=\dimen262
\scratchbox=\box64
\nofMPsegments=\count321
\nofMParguments=\count322
\everyMPshowfont=\toks39
\MPscratchCnt=\count323
\MPscratchDim=\dimen263
\MPnumerator=\count324
\makeMPintoPDFobject=\count325
\everyMPtoPDFconversion=\toks40
) (c:/texlive/2024/texmf-dist/tex/latex/epstopdf-pkg/epstopdf-base.sty
Package: epstopdf-base 2020-01-24 v2.11 Base part for package epstopdf
Package epstopdf-base Info: Redefining graphics rule for `.eps' on input line 4
85.

(c:/texlive/2024/texmf-dist/tex/latex/latexconfig/epstopdf-sys.cfg
File: epstopdf-sys.cfg 2010/07/13 v1.3 Configuration of (r)epstopdf for TeX Liv
e
))
\c@lstlisting=\count326
Package tocbasic Info: setting babel extension for `lol' on input line 29.

*geometry* driver: auto-detecting
*geometry* detected driver: pdftex
*geometry* verbose mode - [ preamble ] result:
* driver: pdftex
* paper: <default>
* layout: <same size as paper>
* layoutoffset:(h,v)=(0.0pt,0.0pt)
* modes: includefoot twoside 
* h-part:(L,W,R)=(79.49744pt, 455.30013pt, 79.49744pt)
* v-part:(T,H,B)=(72.26999pt, 650.43001pt, 72.26999pt)
* \paperwidth=614.295pt
* \paperheight=794.96999pt
* \textwidth=455.24408pt
* \textheight=650.43pt
* \oddsidemargin=7.22745pt
* \evensidemargin=7.22745pt
* \topmargin=-38.6pt
* \headheight=13.6pt
* \headsep=25.0pt
* \topskip=11.0pt
* \footskip=30.0pt
* \marginparwidth=113.0pt
* \marginparsep=10.0pt
* \columnsep=10.0pt
* \skip\footins=10.0pt plus 4.0pt minus 2.0pt
* \hoffset=0.0pt
* \voffset=0.0pt
* \mag=1000
* \@twocolumnfalse
* \@twosidetrue
* \@mparswitchtrue
* \@reversemarginfalse
* (1in=72.27pt=25.4mm, 1cm=28.453pt)

Package caption Info: Begin \AtBeginDocument code.
Package caption Info: subfig package v1.3 is loaded.
Package caption Info: float package is loaded.
Package caption Info: End \AtBeginDocument code.
LaTeX Font Info:    Trying to load font information for OT1+ztmcm on input line
 49.
(c:/texlive/2024/texmf-dist/tex/latex/psnfss/ot1ztmcm.fd
File: ot1ztmcm.fd 2000/01/03 Fontinst v1.801 font definitions for OT1/ztmcm.
)
LaTeX Font Info:    Trying to load font information for OML+ztmcm on input line
 49.

(c:/texlive/2024/texmf-dist/tex/latex/psnfss/omlztmcm.fd
File: omlztmcm.fd 2000/01/03 Fontinst v1.801 font definitions for OML/ztmcm.
)
LaTeX Font Info:    Trying to load font information for OMS+ztmcm on input line
 49.

(c:/texlive/2024/texmf-dist/tex/latex/psnfss/omsztmcm.fd
File: omsztmcm.fd 2000/01/03 Fontinst v1.801 font definitions for OMS/ztmcm.
)
LaTeX Font Info:    Trying to load font information for OMX+ztmcm on input line
 49.

(c:/texlive/2024/texmf-dist/tex/latex/psnfss/omxztmcm.fd
File: omxztmcm.fd 2000/01/03 Fontinst v1.801 font definitions for OMX/ztmcm.
)
LaTeX Font Info:    Font shape `OT1/ptm/bx/n' in size <10.95> not available
(Font)              Font shape `OT1/ptm/b/n' tried instead on input line 49.
LaTeX Font Info:    Font shape `OT1/ptm/bx/n' in size <8> not available
(Font)              Font shape `OT1/ptm/b/n' tried instead on input line 49.
LaTeX Font Info:    Font shape `OT1/ptm/bx/n' in size <6> not available
(Font)              Font shape `OT1/ptm/b/n' tried instead on input line 49.
LaTeX Font Info:    Trying to load font information for U+lasy on input line 49
.

(c:/texlive/2024/texmf-dist/tex/latex/base/ulasy.fd
File: ulasy.fd 1998/08/17 v2.2e LaTeX symbol font definitions
) [1

{c:/texlive/2024/texmf-var/fonts/map/pdftex/updmap/pdftex.map}{c:/texlive/2024/
texmf-dist/fonts/enc/dvips/base/8r.enc}] [2] [3]
<imagens/figure1.jpg, id=106, 425.33907pt x 557.08125pt>
File: imagens/figure1.jpg Graphic file (type jpg)
<use imagens/figure1.jpg>
Package pdftex.def Info: imagens/figure1.jpg  used on input line 125.
(pdftex.def)             Requested size: 250.38562pt x 327.94406pt.
 [4 <./imagens/figure1.jpg>]
<imagens/figure2.jpg, id=115, 755.82375pt x 566.86781pt>
File: imagens/figure2.jpg Graphic file (type jpg)
<use imagens/figure2.jpg>
Package pdftex.def Info: imagens/figure2.jpg  used on input line 150.
(pdftex.def)             Requested size: 455.24408pt x 341.42941pt.
 [5 <./imagens/figure2.jpg>]
<imagens/figure3.jpg, id=124, 755.07094pt x 569.12625pt>
File: imagens/figure3.jpg Graphic file (type jpg)
<use imagens/figure3.jpg>
Package pdftex.def Info: imagens/figure3.jpg  used on input line 161.
(pdftex.def)             Requested size: 455.24408pt x 343.13705pt.
<imagens/figure4.jpg, id=125, 755.82375pt x 570.63188pt>
File: imagens/figure4.jpg Graphic file (type jpg)
<use imagens/figure4.jpg>
Package pdftex.def Info: imagens/figure4.jpg  used on input line 172.
(pdftex.def)             Requested size: 455.24408pt x 343.69655pt.
 [6 <./imagens/figure3.jpg>]
<imagens/figure5.jpg, id=131, 755.07094pt x 569.12625pt>
File: imagens/figure5.jpg Graphic file (type jpg)
<use imagens/figure5.jpg>
Package pdftex.def Info: imagens/figure5.jpg  used on input line 184.
(pdftex.def)             Requested size: 455.24408pt x 343.13705pt.
 [7 <./imagens/figure4.jpg>] [8 <./imagens/figure5.jpg>]
<imagens/figure6.jpg, id=143, 813.0375pt x 229.60782pt>
File: imagens/figure6.jpg Graphic file (type jpg)
<use imagens/figure6.jpg>
Package pdftex.def Info: imagens/figure6.jpg  used on input line 205.
(pdftex.def)             Requested size: 455.24408pt x 128.56198pt.
 [9 <./imagens/figure6.jpg>]
<imagens/figure12.jpg, id=153, 363.60844pt x 243.15843pt>
File: imagens/figure12.jpg Graphic file (type jpg)
<use imagens/figure12.jpg>
Package pdftex.def Info: imagens/figure12.jpg  used on input line 230.
(pdftex.def)             Requested size: 227.62204pt x 152.22223pt.
<imagens/figure13.jpg, id=154, 361.35pt x 238.64156pt>
File: imagens/figure13.jpg Graphic file (type jpg)
<use imagens/figure13.jpg>
Package pdftex.def Info: imagens/figure13.jpg  used on input line 238.
(pdftex.def)             Requested size: 227.62204pt x 150.32675pt.
<imagens/figure14.jpg, id=155, 360.59718pt x 241.65282pt>
File: imagens/figure14.jpg Graphic file (type jpg)
<use imagens/figure14.jpg>
Package pdftex.def Info: imagens/figure14.jpg  used on input line 246.
(pdftex.def)             Requested size: 227.62204pt x 152.54074pt.
 [10 <./imagens/figure12.jpg> <./imagens/figure13.jpg> <./imagens/figure14.jpg>
]
<imagens/figure7.jpg, id=165, 758.08218pt x 569.87906pt>
File: imagens/figure7.jpg Graphic file (type jpg)
<use imagens/figure7.jpg>
Package pdftex.def Info: imagens/figure7.jpg  used on input line 256.
(pdftex.def)             Requested size: 455.24408pt x 342.22571pt.

Overfull \hbox (6.39197pt too wide) in paragraph at lines 266--267
[]\OT1/ptm/b/it/10.95 useEqualFrequency\OT1/ptm/m/n/10.95 : Nesta op[][]ao, in-
di-ca-mos que que-re-mos re-a-li-zar o \OT1/ptm/m/it/10.95 bin-ning \OT1/ptm/m/
n/10.95 com \OT1/ptm/m/it/10.95 equal-frequency
 []

[11 <./imagens/figure7.jpg>]
Overfull \hbox (2.6356pt too wide) in paragraph at lines 271--272
\OT1/ptm/m/n/10.95 agru-pa-dos em 5 \OT1/ptm/m/it/10.95 bins \OT1/ptm/m/n/10.95
 de acordo com a sua frequ[]encia. A fi-gura []11[] mos-tra o re-sul-tado fi-na
l da discretiza[][]ao: 
 []

<imagens/figure8.jpg, id=176, 552.56438pt x 210.03468pt>
File: imagens/figure8.jpg Graphic file (type jpg)
<use imagens/figure8.jpg>
Package pdftex.def Info: imagens/figure8.jpg  used on input line 275.
(pdftex.def)             Requested size: 455.24408pt x 173.04037pt.
LaTeX Font Info:    Trying to load font information for TS1+ptm on input line 2
86.
(c:/texlive/2024/texmf-dist/tex/latex/psnfss/ts1ptm.fd
File: ts1ptm.fd 2001/06/04 font definitions for TS1/ptm.
) [12 <./imagens/figure8.jpg>]
<imagens/figure9.jpg, id=183, 756.57657pt x 571.38469pt>
File: imagens/figure9.jpg Graphic file (type jpg)
<use imagens/figure9.jpg>
Package pdftex.def Info: imagens/figure9.jpg  used on input line 322.
(pdftex.def)             Requested size: 386.96024pt x 292.23932pt.
<imagens/figure10.jpg, id=184, 755.07094pt x 565.36218pt>
File: imagens/figure10.jpg Graphic file (type jpg)
<use imagens/figure10.jpg>
Package pdftex.def Info: imagens/figure10.jpg  used on input line 330.
(pdftex.def)             Requested size: 386.96024pt x 289.73705pt.
 [13 <./imagens/figure9.jpg>]
<imagens/figure11.jpg, id=193, 753.5653pt x 567.62062pt>
File: imagens/figure11.jpg Graphic file (type jpg)
<use imagens/figure11.jpg>
Package pdftex.def Info: imagens/figure11.jpg  used on input line 338.
(pdftex.def)             Requested size: 386.96024pt x 291.47475pt.
 [14 <./imagens/figure10.jpg> <./imagens/figure11.jpg>]
<imagens/figure15.jpg, id=200, 296.60812pt x 153.57375pt>
File: imagens/figure15.jpg Graphic file (type jpg)
<use imagens/figure15.jpg>
Package pdftex.def Info: imagens/figure15.jpg  used on input line 348.
(pdftex.def)             Requested size: 364.19664pt x 188.57588pt.

Overfull \hbox (2.33525pt too wide) in paragraph at lines 354--357
[]\OT1/ptm/m/n/10.95 Quando vol-tar-mos a abrir o \OT1/ptm/m/it/10.95 Weka\OT1/
ptm/m/n/10.95 , os nos-sos atri-bu-tos j[]a ser[]ao in-ter-pre-ta-dos como atri
-bu-tos num[]ericos.
 []

<imagens/figure16.jpg, id=202, 548.595pt x 308.133pt>
File: imagens/figure16.jpg Graphic file (type jpg)
<use imagens/figure16.jpg>
Package pdftex.def Info: imagens/figure16.jpg  used on input line 377.
(pdftex.def)             Requested size: 455.24408pt x 255.71269pt.
[15 <./imagens/figure15.jpg>] [16 <./imagens/figure16.jpg>]
<imagens/figure17.jpg, id=218, 756.57657pt x 567.62062pt>
File: imagens/figure17.jpg Graphic file (type jpg)
<use imagens/figure17.jpg>
Package pdftex.def Info: imagens/figure17.jpg  used on input line 415.
(pdftex.def)             Requested size: 455.24408pt x 341.54504pt.
<imagens/figure18.jpg, id=219, 362.85562pt x 580.41844pt>
File: imagens/figure18.jpg Graphic file (type jpg)
<use imagens/figure18.jpg>
Package pdftex.def Info: imagens/figure18.jpg  used on input line 425.
(pdftex.def)             Requested size: 182.09485pt x 291.28014pt.
 [17 <./imagens/figure17.jpg>]
<imagens/figure19.jpg, id=227, 722.7pt x 328.22626pt>
File: imagens/figure19.jpg Graphic file (type jpg)
<use imagens/figure19.jpg>
Package pdftex.def Info: imagens/figure19.jpg  used on input line 436.
(pdftex.def)             Requested size: 455.24408pt x 206.75859pt.
 [18 <./imagens/figure18.jpg> <./imagens/figure19.jpg>]
Overfull \hbox (54.3518pt too wide) detected at line 448
[] \OT1/ztmcm/m/n/10.95 = \OML/ztmcm/m/it/10.95 w[] \OMS/ztmcm/m/n/10.95 ^^C \O
T1/ztmcm/m/n/10.95 (1 \OMS/ztmcm/m/n/10.95 ^^@ []\OT1/ztmcm/m/n/10.95 ) + \OML/
ztmcm/m/it/10.95 w[] \OMS/ztmcm/m/n/10.95 ^^C \OT1/ztmcm/m/n/10.95 (1 \OMS/ztmc
m/m/n/10.95 ^^@ []\OT1/ztmcm/m/n/10.95 ) + \OML/ztmcm/m/it/10.95 w[] \OMS/ztmcm
/m/n/10.95 ^^C \OT1/ztmcm/m/n/10.95 (1 \OMS/ztmcm/m/n/10.95 ^^@ []\OT1/ztmcm/m/
n/10.95 )
 []

<imagens/figure20.jpg, id=234, 645.91313pt x 472.76625pt>
File: imagens/figure20.jpg Graphic file (type jpg)
<use imagens/figure20.jpg>
Package pdftex.def Info: imagens/figure20.jpg  used on input line 469.
(pdftex.def)             Requested size: 455.24408pt x 333.20647pt.
[19]
<imagens/figure21.jpg, id=242, 581.92406pt x 473.51906pt>
File: imagens/figure21.jpg Graphic file (type jpg)
<use imagens/figure21.jpg>
Package pdftex.def Info: imagens/figure21.jpg  used on input line 479.
(pdftex.def)             Requested size: 455.24408pt x 370.4416pt.
 [20 <./imagens/figure20.jpg>]
<imagens/figure22.jpg, id=248, 758.08218pt x 569.12625pt>
File: imagens/figure22.jpg Graphic file (type jpg)
<use imagens/figure22.jpg>
Package pdftex.def Info: imagens/figure22.jpg  used on input line 489.
(pdftex.def)             Requested size: 455.24408pt x 341.77365pt.
 [21 <./imagens/figure21.jpg>] [22 <./imagens/figure22.jpg>]
<imagens/figure23.jpg, id=259, 756.57657pt x 572.1375pt>
File: imagens/figure23.jpg Graphic file (type jpg)
<use imagens/figure23.jpg>
Package pdftex.def Info: imagens/figure23.jpg  used on input line 510.
(pdftex.def)             Requested size: 455.24408pt x 344.26291pt.
 [23 <./imagens/figure23.jpg>]
<imagens/figure24.jpg, id=265, 1053.9375pt x 602.25pt>
File: imagens/figure24.jpg Graphic file (type jpg)
<use imagens/figure24.jpg>
Package pdftex.def Info: imagens/figure24.jpg  used on input line 525.
(pdftex.def)             Requested size: 364.19664pt x 208.11649pt.

Overfull \hbox (24.21805pt too wide) in paragraph at lines 536--537
[]\OT1/ptm/b/it/10.95 Pontua[][]oes in-term[]edias (Cen-tro, Zo-nas Ama-re-las)
\OT1/ptm/m/n/10.95 : S[]ao cli-en-tes com va-lo-res pontua[][]ao de \OT1/ptm/b/
n/10.95 Frequ[]encia
 []

[24 <./imagens/figure24.jpg>]
<imagens/figure27.jpg, id=276, 1053.9375pt x 602.25pt>
File: imagens/figure27.jpg Graphic file (type jpg)
<use imagens/figure27.jpg>
Package pdftex.def Info: imagens/figure27.jpg  used on input line 543.
(pdftex.def)             Requested size: 364.19664pt x 208.11649pt.

Overfull \hbox (6.425pt too wide) in paragraph at lines 551--552
[]\OT1/ptm/b/it/10.95 Pontua[][]oes mais bai-xas (Lado Es-querdo, Zo-nas Ver-me
-lhas)\OT1/ptm/m/n/10.95 : Os cli-en-tes com va-lo-res de pontua[][]ao
 []

[25 <./imagens/figure27.jpg>]
<imagens/figure28.jpg, id=289, 1053.9375pt x 602.25pt>
File: imagens/figure28.jpg Graphic file (type jpg)
<use imagens/figure28.jpg>
Package pdftex.def Info: imagens/figure28.jpg  used on input line 559.
(pdftex.def)             Requested size: 364.19664pt x 208.11649pt.
 [26 <./imagens/figure28.jpg>]
<imagens/figure25.jpg, id=299, 675.27281pt x 497.60907pt>
File: imagens/figure25.jpg Graphic file (type jpg)
<use imagens/figure25.jpg>
Package pdftex.def Info: imagens/figure25.jpg  used on input line 580.
(pdftex.def)             Requested size: 455.24408pt x 335.47679pt.
LaTeX Font Info:    Trying to load font information for OMS+ptm on input line 5
86.

(c:/texlive/2024/texmf-dist/tex/latex/psnfss/omsptm.fd
File: omsptm.fd 
)
LaTeX Font Info:    Font shape `OMS/ptm/m/n' in size <10.95> not available
(Font)              Font shape `OMS/cmsy/m/n' tried instead on input line 586.

Overfull \hbox (8.46756pt too wide) in paragraph at lines 586--587
[]\OT1/ptm/m/n/10.95 Atrav[]es deste gr[]afico, po-de-mos ve-ri-fi-car que cada
 combina[][]ao de pontua[][]oes de \OT1/ptm/b/n/10.95 Rec[]encia\OT1/ptm/m/n/10
.95 , \OT1/ptm/b/n/10.95 Frequ[]encia
 []

<imagens/figure31.jpg, id=300, 677.53125pt x 608.2725pt>
File: imagens/figure31.jpg Graphic file (type jpg)
<use imagens/figure31.jpg>
Package pdftex.def Info: imagens/figure31.jpg  used on input line 591.
(pdftex.def)             Requested size: 455.24408pt x 408.71921pt.
[27 <./imagens/figure25.jpg>]
Overfull \hbox (8.99821pt too wide) in paragraph at lines 597--598
\OT1/ptm/m/n/10.95 RFM:\OMS/cmsy/m/n/10.95 f\OT1/ptm/m/n/10.95 5,5,5\OMS/cmsy/m
/n/10.95 g\OT1/ptm/m/n/10.95 . Nas zo-nas onde o risco de aban-dono []e maior (
cor ver-me-lha) ser[]a ne-cess[]ario a implementa[][]ao
 []

[28 <./imagens/figure31.jpg>]
<imagens/figure26.jpg, id=313, 1053.9375pt x 602.25pt>
File: imagens/figure26.jpg Graphic file (type jpg)
<use imagens/figure26.jpg>
Package pdftex.def Info: imagens/figure26.jpg  used on input line 607.
(pdftex.def)             Requested size: 455.24408pt x 260.13872pt.
 [29 <./imagens/figure26.jpg>]
<imagens/figure29.jpg, id=322, 1053.9375pt x 602.25pt>
File: imagens/figure29.jpg Graphic file (type jpg)
<use imagens/figure29.jpg>
Package pdftex.def Info: imagens/figure29.jpg  used on input line 635.
(pdftex.def)             Requested size: 455.24408pt x 260.13872pt.
 [30 <./imagens/figure29.jpg>]
Overfull \hbox (7.7388pt too wide) in paragraph at lines 658--659
\OT1/ptm/m/n/10.95 nhas por tempo li-mi-tado, mec[]anismos de fideliza[][]ao ou
 ou-tros que per-mi-tam au-men-tar as pontua[][]oes
 []

<imagens/figure30.jpg, id=331, 1053.9375pt x 602.25pt>
File: imagens/figure30.jpg Graphic file (type jpg)
<use imagens/figure30.jpg>
Package pdftex.def Info: imagens/figure30.jpg  used on input line 663.
(pdftex.def)             Requested size: 455.24408pt x 260.13872pt.
[31] [32 <./imagens/figure30.jpg>] [33] [34]
<imagens/figure38.jpg, id=358, 1231.218pt x 812.49pt>
File: imagens/figure38.jpg Graphic file (type jpg)
<use imagens/figure38.jpg>
Package pdftex.def Info: imagens/figure38.jpg  used on input line 735.
(pdftex.def)             Requested size: 455.24408pt x 300.41823pt.
 [35]
<imagens/figure39.jpg, id=368, 1517.451pt x 913.668pt>
File: imagens/figure39.jpg Graphic file (type jpg)
<use imagens/figure39.jpg>
Package pdftex.def Info: imagens/figure39.jpg  used on input line 743.
(pdftex.def)             Requested size: 455.24408pt x 274.10251pt.
 [36 <./imagens/figure38.jpg> <./imagens/figure39.jpg>]
Overfull \hbox (1.72711pt too wide) in paragraph at lines 761--762
[]\OT1/ptm/m/n/10.95 Ap[]os o treino, o \OT1/ptm/b/it/10.95 Ran-dom Fo-rest \OT
1/ptm/m/n/10.95 ar-ma-zena to-das as []arvores de de-cis[]ao cons-tru[]^^Pdas. 
Na classifica[][]ao
 []

[37]
<imagens/figure32.jpg, id=383, 1195.083pt x 639.699pt>
File: imagens/figure32.jpg Graphic file (type jpg)
<use imagens/figure32.jpg>
Package pdftex.def Info: imagens/figure32.jpg  used on input line 778.
(pdftex.def)             Requested size: 455.24408pt x 243.68356pt.
 [38] [39 <./imagens/figure32.jpg>]
<imagens/figure33.jpg, id=400, 1286.844pt x 631.158pt>
File: imagens/figure33.jpg Graphic file (type jpg)
<use imagens/figure33.jpg>
Package pdftex.def Info: imagens/figure33.jpg  used on input line 800.
(pdftex.def)             Requested size: 455.24408pt x 223.28738pt.
 [40 <./imagens/figure33.jpg>]
<imagens/figure34.jpg, id=411, 1303.926pt x 730.146pt>
File: imagens/figure34.jpg Graphic file (type jpg)
<use imagens/figure34.jpg>
Package pdftex.def Info: imagens/figure34.jpg  used on input line 823.
(pdftex.def)             Requested size: 409.71689pt x 229.41786pt.
<imagens/figure35.jpg, id=412, 1228.371pt x 741.096pt>
File: imagens/figure35.jpg Graphic file (type jpg)
<use imagens/figure35.jpg>
Package pdftex.def Info: imagens/figure35.jpg  used on input line 842.
(pdftex.def)             Requested size: 455.24408pt x 274.65355pt.
 [41 <./imagens/figure34.jpg>]
<imagens/figure36.jpg, id=424, 1333.929pt x 773.508pt>
File: imagens/figure36.jpg Graphic file (type jpg)
<use imagens/figure36.jpg>
Package pdftex.def Info: imagens/figure36.jpg  used on input line 860.
(pdftex.def)             Requested size: 455.24408pt x 263.98067pt.
 [42 <./imagens/figure35.jpg>]
<imagens/figure37.jpg, id=435, 1246.767pt x 692.697pt>
File: imagens/figure37.jpg Graphic file (type jpg)
<use imagens/figure37.jpg>
Package pdftex.def Info: imagens/figure37.jpg  used on input line 878.
(pdftex.def)             Requested size: 455.24408pt x 252.93271pt.
 [43 <./imagens/figure36.jpg>] [44 <./imagens/figure37.jpg>] [45] (./artigo.bbl
) [46]

enddocument/afterlastpage: lastpage setting LastPage.
(./artigo.aux)
 ***********
LaTeX2e <2023-11-01> patch level 1
L3 programming layer <2024-02-20>
 ***********
Package rerunfilecheck Info: File `artigo.out' has not changed.
(rerunfilecheck)             Checksum: 33456B5205E1A73A63A83FDC72F9F503;3577.
 ) 
Here is how much of TeX's memory you used:
 17850 strings out of 474116
 291050 string characters out of 5747717
 1951190 words of memory out of 5000000
 39712 multiletter control sequences out of 15000+600000
 590739 words of font info for 99 fonts, out of 8000000 for 9000
 1141 hyphenation exceptions out of 8191
 110i,12n,107p,1134b,565s stack positions out of 10000i,1000n,20000p,200000b,200000s
<c:/texlive/2024/texmf-dist/fonts/type1/public/amsfonts/cm/cmr10.pfb><c:/texl
ive/2024/texmf-dist/fonts/type1/public/amsfonts/cm/cmsy10.pfb><c:/texlive/2024/
texmf-dist/fonts/type1/public/amsfonts/cm/cmtt10.pfb><c:/texlive/2024/texmf-dis
t/fonts/type1/urw/times/utmb8a.pfb><c:/texlive/2024/texmf-dist/fonts/type1/urw/
times/utmbi8a.pfb><c:/texlive/2024/texmf-dist/fonts/type1/urw/times/utmr8a.pfb>
<c:/texlive/2024/texmf-dist/fonts/type1/urw/times/utmri8a.pfb>
Output written on artigo.pdf (46 pages, 12765815 bytes).
PDF statistics:
 544 PDF objects out of 1000 (max. 8388607)
 438 compressed objects within 5 object streams
 204 named destinations out of 1000 (max. 500000)
 316 words of extra memory for PDF output out of 10000 (max. 10000000)

